{"D:\\WebD\\express\\src\\controllers\\tweetController.js": {"path":"D:\\WebD\\express\\src\\controllers\\tweetController.js","statementMap":{"0":{"start":{"line":5,"column":29},"end":{"line":10,"column":1}},"1":{"start":{"line":6,"column":4},"end":{"line":9,"column":7}},"2":{"start":{"line":12,"column":27},"end":{"line":37,"column":1}},"3":{"start":{"line":13,"column":4},"end":{"line":36,"column":5}},"4":{"start":{"line":14,"column":25},"end":{"line":18,"column":10}},"5":{"start":{"line":19,"column":8},"end":{"line":23,"column":11}},"6":{"start":{"line":25,"column":8},"end":{"line":25,"column":27}},"7":{"start":{"line":27,"column":8},"end":{"line":32,"column":9}},"8":{"start":{"line":28,"column":12},"end":{"line":31,"column":14}},"9":{"start":{"line":33,"column":8},"end":{"line":35,"column":11}},"10":{"start":{"line":39,"column":25},"end":{"line":60,"column":1}},"11":{"start":{"line":40,"column":4},"end":{"line":59,"column":5}},"12":{"start":{"line":41,"column":25},"end":{"line":41,"column":49}},"13":{"start":{"line":42,"column":8},"end":{"line":46,"column":11}},"14":{"start":{"line":49,"column":8},"end":{"line":54,"column":9}},"15":{"start":{"line":50,"column":12},"end":{"line":53,"column":14}},"16":{"start":{"line":55,"column":8},"end":{"line":58,"column":11}}},"fnMap":{"0":{"name":"(anonymous_0)","decl":{"start":{"line":5,"column":29},"end":{"line":5,"column":30}},"loc":{"start":{"line":5,"column":42},"end":{"line":10,"column":1}},"line":5},"1":{"name":"(anonymous_1)","decl":{"start":{"line":12,"column":27},"end":{"line":12,"column":28}},"loc":{"start":{"line":12,"column":46},"end":{"line":37,"column":1}},"line":12},"2":{"name":"(anonymous_2)","decl":{"start":{"line":39,"column":25},"end":{"line":39,"column":26}},"loc":{"start":{"line":39,"column":44},"end":{"line":60,"column":1}},"line":39}},"branchMap":{"0":{"loc":{"start":{"line":27,"column":8},"end":{"line":32,"column":9}},"type":"if","locations":[{"start":{"line":27,"column":8},"end":{"line":32,"column":9}},{"start":{},"end":{}}],"line":27},"1":{"loc":{"start":{"line":49,"column":8},"end":{"line":54,"column":9}},"type":"if","locations":[{"start":{"line":49,"column":8},"end":{"line":54,"column":9}},{"start":{},"end":{}}],"line":49}},"s":{"0":1,"1":0,"2":1,"3":0,"4":0,"5":0,"6":0,"7":0,"8":0,"9":0,"10":1,"11":2,"12":2,"13":1,"14":1,"15":0,"16":1},"f":{"0":0,"1":0,"2":2},"b":{"0":[0,0],"1":[0,1]},"_coverageSchema":"1a1c01bbd47fc00a2c39e90264f33305004495a9","hash":"dcb5e3210178087c77b35380169a781160f6ca7b"}
,"D:\\WebD\\express\\tests\\mocker.js": {"path":"D:\\WebD\\express\\tests\\mocker.js","statementMap":{"0":{"start":{"line":1,"column":28},"end":{"line":7,"column":1}},"1":{"start":{"line":2,"column":16},"end":{"line":2,"column":18}},"2":{"start":{"line":3,"column":4},"end":{"line":3,"column":46}},"3":{"start":{"line":4,"column":4},"end":{"line":4,"column":48}},"4":{"start":{"line":5,"column":4},"end":{"line":5,"column":46}},"5":{"start":{"line":6,"column":4},"end":{"line":6,"column":15}},"6":{"start":{"line":9,"column":27},"end":{"line":15,"column":1}},"7":{"start":{"line":10,"column":16},"end":{"line":10,"column":18}},"8":{"start":{"line":11,"column":4},"end":{"line":11,"column":46}},"9":{"start":{"line":12,"column":4},"end":{"line":12,"column":48}},"10":{"start":{"line":13,"column":4},"end":{"line":13,"column":47}},"11":{"start":{"line":14,"column":4},"end":{"line":14,"column":15}}},"fnMap":{"0":{"name":"(anonymous_0)","decl":{"start":{"line":1,"column":28},"end":{"line":1,"column":29}},"loc":{"start":{"line":1,"column":34},"end":{"line":7,"column":1}},"line":1},"1":{"name":"(anonymous_1)","decl":{"start":{"line":9,"column":27},"end":{"line":9,"column":28}},"loc":{"start":{"line":9,"column":33},"end":{"line":15,"column":1}},"line":9}},"branchMap":{},"s":{"0":1,"1":2,"2":2,"3":2,"4":2,"5":2,"6":1,"7":2,"8":2,"9":2,"10":2,"11":2},"f":{"0":2,"1":2},"b":{},"_coverageSchema":"1a1c01bbd47fc00a2c39e90264f33305004495a9","hash":"4c3bc71b2de69951fecada9154d2c1d82f3f957d"}
}
