TN:
SF:src\controllers\tweetController.js
FN:5,(anonymous_0)
FN:12,(anonymous_1)
FN:39,(anonymous_2)
FNF:3
FNH:1
FNDA:0,(anonymous_0)
FNDA:0,(anonymous_1)
FNDA:2,(anonymous_2)
DA:5,1
DA:6,0
DA:12,1
DA:13,0
DA:14,0
DA:19,0
DA:25,0
DA:27,0
DA:28,0
DA:33,0
DA:39,1
DA:40,2
DA:41,2
DA:42,1
DA:49,1
DA:50,0
DA:55,1
LF:17
LH:8
BRDA:27,0,0,0
BRDA:27,0,1,0
BRDA:49,1,0,0
BRDA:49,1,1,1
BRF:4
BRH:1
end_of_record
TN:
SF:tests\mocker.js
FN:1,(anonymous_0)
FN:9,(anonymous_1)
FNF:2
FNH:2
FNDA:2,(anonymous_0)
FNDA:2,(anonymous_1)
DA:1,1
DA:2,2
DA:3,2
DA:4,2
DA:5,2
DA:6,2
DA:9,1
DA:10,2
DA:11,2
DA:12,2
DA:13,2
DA:14,2
LF:12
LH:12
BRF:0
BRH:0
end_of_record
